[2023-08-03 18:11:11,726] {dag_processing.py:604} INFO - Processing files using up to 1 processes at a time 
[2023-08-03 18:11:11,727] {dag_processing.py:605} INFO - Process each file at most once every 30 seconds
[2023-08-03 18:11:11,728] {dag_processing.py:606} INFO - Checking for new files in /opt/airflow/dags every 300 seconds
[2023-08-03 18:11:11,728] {dag_processing.py:755} INFO - Searching for files in /opt/airflow/dags
[2023-08-03 18:11:11,771] {dag_processing.py:758} INFO - There are 1 files in /opt/airflow/dags
[2023-08-03 18:11:11,828] {dag_processing.py:1129} INFO - Finding 'running' jobs without a recent heartbeat
[2023-08-03 18:11:11,829] {dag_processing.py:1133} INFO - Failing jobs without heartbeat after 2023-08-03 18:06:11.829315+00:00
[2023-08-03 18:11:12,048] {dag_processing.py:862} INFO - 
================================================================================
DAG File Processing Stats

File Path                                   PID    Runtime      # DAGs    # Errors  Last Runtime    Last Run
------------------------------------------  -----  ---------  --------  ----------  --------------  -------------------
/opt/airflow/dags/airflow_etl_pipelines.py                           1           0  0.20s           2023-08-03T18:11:12
================================================================================
[2023-08-03 18:11:22,958] {dag_processing.py:1129} INFO - Finding 'running' jobs without a recent heartbeat
[2023-08-03 18:11:22,959] {dag_processing.py:1133} INFO - Failing jobs without heartbeat after 2023-08-03 18:06:22.959064+00:00
[2023-08-03 18:11:33,195] {dag_processing.py:1129} INFO - Finding 'running' jobs without a recent heartbeat
[2023-08-03 18:11:33,196] {dag_processing.py:1133} INFO - Failing jobs without heartbeat after 2023-08-03 18:06:33.196015+00:00
[2023-08-03 18:11:42,729] {dag_processing.py:862} INFO - 
================================================================================
DAG File Processing Stats

File Path                                   PID    Runtime      # DAGs    # Errors  Last Runtime    Last Run
------------------------------------------  -----  ---------  --------  ----------  --------------  -------------------
/opt/airflow/dags/airflow_etl_pipelines.py                           1           0  0.20s           2023-08-03T18:11:42
================================================================================
[2023-08-03 18:11:43,819] {dag_processing.py:1129} INFO - Finding 'running' jobs without a recent heartbeat
[2023-08-03 18:11:43,820] {dag_processing.py:1133} INFO - Failing jobs without heartbeat after 2023-08-03 18:06:43.820441+00:00
[2023-08-03 18:11:53,855] {dag_processing.py:1129} INFO - Finding 'running' jobs without a recent heartbeat
[2023-08-03 18:11:53,856] {dag_processing.py:1133} INFO - Failing jobs without heartbeat after 2023-08-03 18:06:53.856281+00:00
[2023-08-03 18:12:04,063] {dag_processing.py:1129} INFO - Finding 'running' jobs without a recent heartbeat
[2023-08-03 18:12:04,064] {dag_processing.py:1133} INFO - Failing jobs without heartbeat after 2023-08-03 18:07:04.063985+00:00
[2023-08-03 18:12:13,364] {dag_processing.py:862} INFO - 
================================================================================
DAG File Processing Stats

File Path                                   PID    Runtime      # DAGs    # Errors  Last Runtime    Last Run
------------------------------------------  -----  ---------  --------  ----------  --------------  -------------------
/opt/airflow/dags/airflow_etl_pipelines.py                           1           0  0.20s           2023-08-03T18:12:13
================================================================================
[2023-08-03 18:12:14,459] {dag_processing.py:1129} INFO - Finding 'running' jobs without a recent heartbeat
[2023-08-03 18:12:14,460] {dag_processing.py:1133} INFO - Failing jobs without heartbeat after 2023-08-03 18:07:14.460265+00:00
[2023-08-03 18:12:24,643] {dag_processing.py:1129} INFO - Finding 'running' jobs without a recent heartbeat
[2023-08-03 18:12:24,644] {dag_processing.py:1133} INFO - Failing jobs without heartbeat after 2023-08-03 18:07:24.644286+00:00
[2023-08-03 18:12:34,827] {dag_processing.py:1129} INFO - Finding 'running' jobs without a recent heartbeat
[2023-08-03 18:12:34,828] {dag_processing.py:1133} INFO - Failing jobs without heartbeat after 2023-08-03 18:07:34.828641+00:00
[2023-08-03 18:12:43,997] {dag_processing.py:862} INFO - 
================================================================================
DAG File Processing Stats

File Path                                   PID    Runtime      # DAGs    # Errors  Last Runtime    Last Run
------------------------------------------  -----  ---------  --------  ----------  --------------  -------------------
/opt/airflow/dags/airflow_etl_pipelines.py                           1           0  0.20s           2023-08-03T18:12:43
================================================================================
[2023-08-03 18:12:45,101] {dag_processing.py:1129} INFO - Finding 'running' jobs without a recent heartbeat
[2023-08-03 18:12:45,102] {dag_processing.py:1133} INFO - Failing jobs without heartbeat after 2023-08-03 18:07:45.102106+00:00
[2023-08-03 18:12:55,292] {dag_processing.py:1129} INFO - Finding 'running' jobs without a recent heartbeat
[2023-08-03 18:12:55,293] {dag_processing.py:1133} INFO - Failing jobs without heartbeat after 2023-08-03 18:07:55.293455+00:00
[2023-08-03 18:13:05,498] {dag_processing.py:1129} INFO - Finding 'running' jobs without a recent heartbeat
[2023-08-03 18:13:05,499] {dag_processing.py:1133} INFO - Failing jobs without heartbeat after 2023-08-03 18:08:05.499847+00:00
[2023-08-03 18:13:14,798] {dag_processing.py:862} INFO - 
================================================================================
DAG File Processing Stats

File Path                                   PID    Runtime      # DAGs    # Errors  Last Runtime    Last Run
------------------------------------------  -----  ---------  --------  ----------  --------------  -------------------
/opt/airflow/dags/airflow_etl_pipelines.py                           1           0  0.20s           2023-08-03T18:13:14
================================================================================
[2023-08-03 18:13:15,890] {dag_processing.py:1129} INFO - Finding 'running' jobs without a recent heartbeat
[2023-08-03 18:13:15,890] {dag_processing.py:1133} INFO - Failing jobs without heartbeat after 2023-08-03 18:08:15.890922+00:00
[2023-08-03 18:13:26,074] {dag_processing.py:1129} INFO - Finding 'running' jobs without a recent heartbeat
[2023-08-03 18:13:26,075] {dag_processing.py:1133} INFO - Failing jobs without heartbeat after 2023-08-03 18:08:26.075579+00:00
[2023-08-03 18:13:36,249] {dag_processing.py:1129} INFO - Finding 'running' jobs without a recent heartbeat
[2023-08-03 18:13:36,250] {dag_processing.py:1133} INFO - Failing jobs without heartbeat after 2023-08-03 18:08:36.250812+00:00
[2023-08-03 18:13:45,293] {dag_processing.py:862} INFO - 
================================================================================
DAG File Processing Stats

File Path                                   PID    Runtime      # DAGs    # Errors  Last Runtime    Last Run
------------------------------------------  -----  ---------  --------  ----------  --------------  -------------------
/opt/airflow/dags/airflow_etl_pipelines.py                           1           0  0.10s           2023-08-03T18:13:45
================================================================================
[2023-08-03 18:13:46,387] {dag_processing.py:1129} INFO - Finding 'running' jobs without a recent heartbeat
[2023-08-03 18:13:46,388] {dag_processing.py:1133} INFO - Failing jobs without heartbeat after 2023-08-03 18:08:46.388386+00:00
[2023-08-03 18:13:56,573] {dag_processing.py:1129} INFO - Finding 'running' jobs without a recent heartbeat
[2023-08-03 18:13:56,574] {dag_processing.py:1133} INFO - Failing jobs without heartbeat after 2023-08-03 18:08:56.574585+00:00
[2023-08-03 18:14:06,790] {dag_processing.py:1129} INFO - Finding 'running' jobs without a recent heartbeat
[2023-08-03 18:14:06,791] {dag_processing.py:1133} INFO - Failing jobs without heartbeat after 2023-08-03 18:09:06.791004+00:00
[2023-08-03 18:14:16,118] {dag_processing.py:862} INFO - 
================================================================================
DAG File Processing Stats

File Path                                   PID    Runtime      # DAGs    # Errors  Last Runtime    Last Run
------------------------------------------  -----  ---------  --------  ----------  --------------  -------------------
/opt/airflow/dags/airflow_etl_pipelines.py                           1           0  0.20s           2023-08-03T18:14:16
================================================================================
[2023-08-03 18:14:17,217] {dag_processing.py:1129} INFO - Finding 'running' jobs without a recent heartbeat
[2023-08-03 18:14:17,217] {dag_processing.py:1133} INFO - Failing jobs without heartbeat after 2023-08-03 18:09:17.217877+00:00
[2023-08-03 18:14:27,436] {dag_processing.py:1129} INFO - Finding 'running' jobs without a recent heartbeat
[2023-08-03 18:14:27,437] {dag_processing.py:1133} INFO - Failing jobs without heartbeat after 2023-08-03 18:09:27.437295+00:00
[2023-08-03 18:14:37,609] {dag_processing.py:1129} INFO - Finding 'running' jobs without a recent heartbeat
[2023-08-03 18:14:37,610] {dag_processing.py:1133} INFO - Failing jobs without heartbeat after 2023-08-03 18:09:37.610221+00:00
[2023-08-03 18:14:46,668] {dag_processing.py:862} INFO - 
================================================================================
DAG File Processing Stats

File Path                                   PID    Runtime      # DAGs    # Errors  Last Runtime    Last Run
------------------------------------------  -----  ---------  --------  ----------  --------------  -------------------
/opt/airflow/dags/airflow_etl_pipelines.py                           1           0  0.20s           2023-08-03T18:14:46
================================================================================
[2023-08-03 18:14:47,766] {dag_processing.py:1129} INFO - Finding 'running' jobs without a recent heartbeat
[2023-08-03 18:14:47,767] {dag_processing.py:1133} INFO - Failing jobs without heartbeat after 2023-08-03 18:09:47.767185+00:00
[2023-08-03 18:14:57,977] {dag_processing.py:1129} INFO - Finding 'running' jobs without a recent heartbeat
[2023-08-03 18:14:57,979] {dag_processing.py:1133} INFO - Failing jobs without heartbeat after 2023-08-03 18:09:57.979033+00:00
[2023-08-03 18:15:08,172] {dag_processing.py:1129} INFO - Finding 'running' jobs without a recent heartbeat
[2023-08-03 18:15:08,172] {dag_processing.py:1133} INFO - Failing jobs without heartbeat after 2023-08-03 18:10:08.172547+00:00
[2023-08-03 18:15:17,475] {dag_processing.py:862} INFO - 
================================================================================
DAG File Processing Stats

File Path                                   PID    Runtime      # DAGs    # Errors  Last Runtime    Last Run
------------------------------------------  -----  ---------  --------  ----------  --------------  -------------------
/opt/airflow/dags/airflow_etl_pipelines.py                           1           0  0.20s           2023-08-03T18:15:17
================================================================================
[2023-08-03 18:15:18,570] {dag_processing.py:1129} INFO - Finding 'running' jobs without a recent heartbeat
[2023-08-03 18:15:18,571] {dag_processing.py:1133} INFO - Failing jobs without heartbeat after 2023-08-03 18:10:18.570982+00:00
[2023-08-03 18:15:29,575] {dag_processing.py:1129} INFO - Finding 'running' jobs without a recent heartbeat
[2023-08-03 18:15:29,576] {dag_processing.py:1133} INFO - Failing jobs without heartbeat after 2023-08-03 18:10:29.576224+00:00
[2023-08-03 18:15:40,011] {dag_processing.py:1129} INFO - Finding 'running' jobs without a recent heartbeat
[2023-08-03 18:15:40,011] {dag_processing.py:1133} INFO - Failing jobs without heartbeat after 2023-08-03 18:10:40.011833+00:00
[2023-08-03 18:15:48,028] {dag_processing.py:862} INFO - 
================================================================================
DAG File Processing Stats

File Path                                   PID    Runtime      # DAGs    # Errors  Last Runtime    Last Run
------------------------------------------  -----  ---------  --------  ----------  --------------  -------------------
/opt/airflow/dags/airflow_etl_pipelines.py                           1           0  0.20s           2023-08-03T18:15:48
================================================================================
[2023-08-03 18:15:50,187] {dag_processing.py:1129} INFO - Finding 'running' jobs without a recent heartbeat
[2023-08-03 18:15:50,187] {dag_processing.py:1133} INFO - Failing jobs without heartbeat after 2023-08-03 18:10:50.187631+00:00
[2023-08-03 18:16:00,783] {dag_processing.py:1129} INFO - Finding 'running' jobs without a recent heartbeat
[2023-08-03 18:16:00,784] {dag_processing.py:1133} INFO - Failing jobs without heartbeat after 2023-08-03 18:11:00.784128+00:00
[2023-08-03 18:16:11,637] {dag_processing.py:1129} INFO - Finding 'running' jobs without a recent heartbeat
[2023-08-03 18:16:11,637] {dag_processing.py:1133} INFO - Failing jobs without heartbeat after 2023-08-03 18:11:11.637846+00:00
[2023-08-03 18:16:12,782] {dag_processing.py:755} INFO - Searching for files in /opt/airflow/dags
[2023-08-03 18:16:12,797] {dag_processing.py:758} INFO - There are 1 files in /opt/airflow/dags
[2023-08-03 18:16:18,833] {dag_processing.py:862} INFO - 
================================================================================
DAG File Processing Stats

File Path                                   PID    Runtime      # DAGs    # Errors  Last Runtime    Last Run
------------------------------------------  -----  ---------  --------  ----------  --------------  -------------------
/opt/airflow/dags/airflow_etl_pipelines.py                           1           0  0.20s           2023-08-03T18:16:18
================================================================================
[2023-08-03 18:16:22,036] {dag_processing.py:1129} INFO - Finding 'running' jobs without a recent heartbeat
[2023-08-03 18:16:22,037] {dag_processing.py:1133} INFO - Failing jobs without heartbeat after 2023-08-03 18:11:22.037491+00:00
[2023-08-03 18:16:32,284] {dag_processing.py:1129} INFO - Finding 'running' jobs without a recent heartbeat
[2023-08-03 18:16:32,285] {dag_processing.py:1133} INFO - Failing jobs without heartbeat after 2023-08-03 18:11:32.284956+00:00
[2023-08-03 18:16:42,428] {dag_processing.py:1129} INFO - Finding 'running' jobs without a recent heartbeat
[2023-08-03 18:16:42,428] {dag_processing.py:1133} INFO - Failing jobs without heartbeat after 2023-08-03 18:11:42.428955+00:00
[2023-08-03 18:16:49,693] {dag_processing.py:862} INFO - 
================================================================================
DAG File Processing Stats

File Path                                   PID    Runtime      # DAGs    # Errors  Last Runtime    Last Run
------------------------------------------  -----  ---------  --------  ----------  --------------  -------------------
/opt/airflow/dags/airflow_etl_pipelines.py                           1           0  0.20s           2023-08-03T18:16:49
================================================================================
[2023-08-03 18:16:52,965] {dag_processing.py:1129} INFO - Finding 'running' jobs without a recent heartbeat
[2023-08-03 18:16:52,965] {dag_processing.py:1133} INFO - Failing jobs without heartbeat after 2023-08-03 18:11:52.965871+00:00
[2023-08-03 18:17:03,096] {dag_processing.py:1129} INFO - Finding 'running' jobs without a recent heartbeat
[2023-08-03 18:17:03,098] {dag_processing.py:1133} INFO - Failing jobs without heartbeat after 2023-08-03 18:12:03.098038+00:00
[2023-08-03 18:17:13,280] {dag_processing.py:1129} INFO - Finding 'running' jobs without a recent heartbeat
[2023-08-03 18:17:13,281] {dag_processing.py:1133} INFO - Failing jobs without heartbeat after 2023-08-03 18:12:13.281234+00:00
[2023-08-03 18:17:20,388] {dag_processing.py:862} INFO - 
================================================================================
DAG File Processing Stats

File Path                                   PID    Runtime      # DAGs    # Errors  Last Runtime    Last Run
------------------------------------------  -----  ---------  --------  ----------  --------------  -------------------
/opt/airflow/dags/airflow_etl_pipelines.py                           1           0  0.11s           2023-08-03T18:17:20
================================================================================
[2023-08-03 18:17:23,605] {dag_processing.py:1129} INFO - Finding 'running' jobs without a recent heartbeat
[2023-08-03 18:17:23,606] {dag_processing.py:1133} INFO - Failing jobs without heartbeat after 2023-08-03 18:12:23.606414+00:00
[2023-08-03 18:17:33,828] {dag_processing.py:1129} INFO - Finding 'running' jobs without a recent heartbeat
[2023-08-03 18:17:33,829] {dag_processing.py:1133} INFO - Failing jobs without heartbeat after 2023-08-03 18:12:33.829254+00:00
[2023-08-03 18:17:44,041] {dag_processing.py:1129} INFO - Finding 'running' jobs without a recent heartbeat
[2023-08-03 18:17:44,042] {dag_processing.py:1133} INFO - Failing jobs without heartbeat after 2023-08-03 18:12:44.042403+00:00
[2023-08-03 18:17:51,231] {dag_processing.py:862} INFO - 
================================================================================
DAG File Processing Stats

File Path                                   PID    Runtime      # DAGs    # Errors  Last Runtime    Last Run
------------------------------------------  -----  ---------  --------  ----------  --------------  -------------------
/opt/airflow/dags/airflow_etl_pipelines.py                           1           0  0.20s           2023-08-03T18:17:51
================================================================================
[2023-08-03 18:17:54,462] {dag_processing.py:1129} INFO - Finding 'running' jobs without a recent heartbeat
[2023-08-03 18:17:54,463] {dag_processing.py:1133} INFO - Failing jobs without heartbeat after 2023-08-03 18:12:54.463391+00:00
